<?xml version="1.0" encoding="utf-8"?><testsuites name="pytest tests"><testsuite name="pytest" errors="0" failures="0" skipped="0" tests="14" time="12.450" timestamp="2026-08-25T13:42:15.470079+00:00" hostname="agent-env-81e9ddc2-9104-473e-94a7-3a41a0a2ad04"><testcase classname="tests.backend_test.TestAuth" name="test_auth_me_no_token" time="0.165" /><testcase classname="tests.backend_test.TestAuth" name="test_auth_me_invalid_token" time="0.076" /><testcase classname="tests.backend_test.TestAuth" name="test_auth_me_valid_token" time="0.077" /><testcase classname="tests.backend_test.TestAuth" name="test_auth_session_invalid_session_id" time="0.440" /><testcase classname="tests.backend_test.TestScanAnonymous" name="test_scan_anonymous_returns_verdict" time="5.409" /><testcase classname="tests.backend_test.TestScanAnonymous" name="test_scan_empty_file_rejected" time="0.070" /><testcase classname="tests.backend_test.TestScanAuthenticated" name="test_scan_authenticated_saves_result" time="5.152" /><testcase classname="tests.backend_test.TestScanAuthenticated" name="test_list_scans_requires_auth" time="0.071" /><testcase classname="tests.backend_test.TestScanAuthenticated" name="test_list_scans_sorted_desc" time="0.076" /><testcase classname="tests.backend_test.TestScanAuthenticated" name="test_scans_stats" time="0.073" /><testcase classname="tests.backend_test.TestFilesEndpoint" name="test_files_no_auth" time="0.072" /><testcase classname="tests.backend_test.TestFilesEndpoint" name="test_files_with_token_query" time="0.232" /><testcase classname="tests.backend_test.TestFilesEndpoint" name="test_files_with_bearer" time="0.330" /><testcase classname="tests.backend_test.TestFilesEndpoint" name="test_files_wrong_user_denied" time="0.071" /></testsuite></testsuites>