<?xml version="1.0" encoding="utf-8"?><testsuites name="pytest tests"><testsuite name="pytest" errors="0" failures="0" skipped="0" tests="23" time="13.387" timestamp="2026-08-27T10:04:34.013101+00:00" hostname="agent-env-81e9ddc2-9104-473e-94a7-3a41a0a2ad04"><testcase classname="tests.backend_test.TestFilesEndpoint" name="test_files_no_auth_returns_401" time="0.214" /><testcase classname="tests.backend_test.TestScanAnonymous" name="test_scan_anonymous_returns_verdict" time="6.531" /><testcase classname="tests.backend_test.TestFilesEndpoint" name="test_files_old_token_query_param_removed" time="0.066" /><testcase classname="tests.backend_test.TestFilesEndpoint" name="test_files_with_bearer_owner_returns_200" time="6.800" /><testcase classname="tests.backend_test.TestScanAnonymous" name="test_scan_empty_file_rejected" time="0.066" /><testcase classname="tests.backend_test.TestScanAnonymous" name="test_scan_non_image_bytes_rejected_by_magic" time="0.062" /><testcase classname="tests.backend_test.TestScanAnonymous" name="test_scan_gif_rejected_by_magic" time="0.063" /><testcase classname="tests.backend_test.TestScanAnonymous" name="test_scan_rate_limit_shape_and_wiring" time="0.083" /><testcase classname="tests.backend_test.TestCORS" name="test_cors_allows_emergentagent_origin" time="0.024" /><testcase classname="tests.backend_test.TestCORS" name="test_cors_allows_localhost" time="0.024" /><testcase classname="tests.backend_test.TestCORS" name="test_cors_rejects_disallowed_origin" time="0.024" /><testcase classname="tests.backend_test.TestCORS" name="test_cors_no_wildcard_with_credentials" time="0.061" /><testcase classname="tests.backend_test.TestCORS" name="test_cors_direct_backend_regex_echoes_origin" time="0.043" /><testcase classname="tests.backend_test.TestAuth" name="test_auth_me_no_token" time="0.060" /><testcase classname="tests.backend_test.TestAuth" name="test_auth_me_invalid_token" time="0.105" /><testcase classname="tests.backend_test.TestFilesEndpoint" name="test_files_bearer_but_not_owner_returns_404" time="0.052" /><testcase classname="tests.backend_test.TestFilesEndpoint" name="test_files_bearer_unknown_path_returns_404" time="0.050" /><testcase classname="tests.backend_test.TestAuth" name="test_auth_me_valid_token" time="0.103" /><testcase classname="tests.backend_test.TestScanAuthenticated" name="test_scan_authenticated_saves_result" time="5.412" /><testcase classname="tests.backend_test.TestAuth" name="test_auth_session_invalid_session_id" time="0.187" /><testcase classname="tests.backend_test.TestScanAuthenticated" name="test_list_scans_requires_auth" time="0.054" /><testcase classname="tests.backend_test.TestScanAuthenticated" name="test_list_scans_sorted_desc" time="0.053" /><testcase classname="tests.backend_test.TestScanAuthenticated" name="test_scans_stats" time="0.054" /></testsuite></testsuites>